[debug] [2021-02-02T14:41:18.793Z] ----------------------------------------------------------------------
[debug] [2021-02-02T14:41:18.795Z] Command:       C:\Program Files\nodejs\node.exe C:\Users\patel\AppData\Roaming\npm\node_modules\firebase-tools\lib\bin\firebase.js init
[debug] [2021-02-02T14:41:18.796Z] CLI Version:   9.2.2
[debug] [2021-02-02T14:41:18.796Z] Platform:      win32
[debug] [2021-02-02T14:41:18.796Z] Node Version:  v14.15.0
[debug] [2021-02-02T14:41:18.797Z] Time:          Tue Feb 02 2021 20:11:18 GMT+0530 (India Standard Time)
[debug] [2021-02-02T14:41:18.797Z] ----------------------------------------------------------------------
[debug] [2021-02-02T14:41:18.797Z] 
[debug] [2021-02-02T14:41:18.799Z] >>> [apiv2][query] GET https://firebase-public.firebaseio.com/cli.json [none]
[debug] [2021-02-02T14:41:18.822Z] > command requires scopes: ["email","openid","https://www.googleapis.com/auth/cloudplatformprojects.readonly","https://www.googleapis.com/auth/firebase","https://www.googleapis.com/auth/cloud-platform"]
[debug] [2021-02-02T14:41:18.823Z] > authorizing via signed-in user
[info] 
     ######## #### ########  ######## ########     ###     ######  ########
     ##        ##  ##     ## ##       ##     ##  ##   ##  ##       ##
     ######    ##  ########  ######   ########  #########  ######  ######
     ##        ##  ##    ##  ##       ##     ## ##     ##       ## ##
     ##       #### ##     ## ######## ########  ##     ##  ######  ########

You're about to initialize a Firebase project in this directory:

  D:\projects\DietDelight

[debug] [2021-02-02T14:41:19.736Z] <<< [apiv2][status] GET https://firebase-public.firebaseio.com/cli.json 200
[debug] [2021-02-02T14:41:19.738Z] <<< [apiv2][body] GET https://firebase-public.firebaseio.com/cli.json {"cloudBuildErrorAfter":1594252800000,"cloudBuildWarnAfter":1590019200000,"defaultNode10After":1594252800000,"minVersion":"3.0.5","node8DeploysDisabledAfter":1613390400000,"node8RuntimeDisabledAfter":1615809600000,"node8WarnAfter":1600128000000}
